<?xml version="1.0" encoding="UTF-8"?>
<testsuite name="com.medplus.service.users.UsersApplicationTests" tests="1" skipped="0" failures="0" errors="0" timestamp="2025-04-24T10:21:24.590Z" hostname="Nidhis-MacBook-Air.local" time="0.368">
  <properties/>
  <testcase name="contextLoads()" classname="com.medplus.service.users.UsersApplicationTests" time="0.368"/>
  <system-out><![CDATA[15:51:20.381 [Test worker] INFO org.springframework.test.context.support.AnnotationConfigContextLoaderUtils -- Could not detect default configuration classes for test class [com.medplus.service.users.UsersApplicationTests]: UsersApplicationTests does not declare any static, non-private, non-final, nested classes annotated with @Configuration.
15:51:20.509 [Test worker] INFO org.springframework.boot.test.context.SpringBootTestContextBootstrapper -- Found @SpringBootConfiguration com.medplus.service.users.UsersApplication for test class com.medplus.service.users.UsersApplicationTests

  .   ____          _            __ _ _
 /\\ / ___'_ __ _ _(_)_ __  __ _ \ \ \ \
( ( )\___ | '_ | '_| | '_ \/ _` | \ \ \ \
 \\/  ___)| |_)| | | | | || (_| |  ) ) ) )
  '  |____| .__|_| |_|_| |_\__, | / / / /
 =========|_|==============|___/=/_/_/_/

 :: Spring Boot ::                (v3.4.4)

2025-04-24T15:51:20.953+05:30  INFO 5717 --- [users] [    Test worker] c.m.service.users.UsersApplicationTests  : Starting UsersApplicationTests using Java 23.0.1 with PID 5717 (started by nidhijoshi in /Users/nidhijoshi/Downloads/users)
2025-04-24T15:51:20.958+05:30  INFO 5717 --- [users] [    Test worker] c.m.service.users.UsersApplicationTests  : No active profile set, falling back to 1 default profile: "default"
2025-04-24T15:51:21.633+05:30  INFO 5717 --- [users] [    Test worker] .s.d.r.c.RepositoryConfigurationDelegate : Bootstrapping Spring Data JPA repositories in DEFAULT mode.
2025-04-24T15:51:21.676+05:30  INFO 5717 --- [users] [    Test worker] .s.d.r.c.RepositoryConfigurationDelegate : Finished Spring Data repository scanning in 35 ms. Found 1 JPA repository interface.
2025-04-24T15:51:22.050+05:30  INFO 5717 --- [users] [    Test worker] com.zaxxer.hikari.HikariDataSource       : HikariPool-1 - Starting...
2025-04-24T15:51:22.207+05:30  INFO 5717 --- [users] [    Test worker] com.zaxxer.hikari.pool.HikariPool        : HikariPool-1 - Added connection org.postgresql.jdbc.PgConnection@7aeb5402
2025-04-24T15:51:22.210+05:30  INFO 5717 --- [users] [    Test worker] com.zaxxer.hikari.HikariDataSource       : HikariPool-1 - Start completed.
2025-04-24T15:51:22.277+05:30  INFO 5717 --- [users] [    Test worker] o.hibernate.jpa.internal.util.LogHelper  : HHH000204: Processing PersistenceUnitInfo [name: default]
2025-04-24T15:51:22.333+05:30  INFO 5717 --- [users] [    Test worker] org.hibernate.Version                    : HHH000412: Hibernate ORM core version 6.6.11.Final
2025-04-24T15:51:22.381+05:30  INFO 5717 --- [users] [    Test worker] o.h.c.internal.RegionFactoryInitiator    : HHH000026: Second-level cache disabled
2025-04-24T15:51:22.670+05:30  INFO 5717 --- [users] [    Test worker] o.s.o.j.p.SpringPersistenceUnitInfo      : No LoadTimeWeaver setup: ignoring JPA class transformer
2025-04-24T15:51:22.728+05:30  WARN 5717 --- [users] [    Test worker] org.hibernate.orm.deprecation            : HHH90000025: PostgreSQLDialect does not need to be specified explicitly using 'hibernate.dialect' (remove the property setting and it will be selected by default)
2025-04-24T15:51:22.745+05:30  INFO 5717 --- [users] [    Test worker] org.hibernate.orm.connections.pooling    : HHH10001005: Database info:
	Database JDBC URL [Connecting through datasource 'HikariDataSource (HikariPool-1)']
	Database driver: undefined/unknown
	Database version: 17.4
	Autocommit mode: undefined/unknown
	Isolation level: undefined/unknown
	Minimum pool size: undefined/unknown
	Maximum pool size: undefined/unknown
2025-04-24T15:51:23.842+05:30  INFO 5717 --- [users] [    Test worker] o.h.e.t.j.p.i.JtaPlatformInitiator       : HHH000489: No JTA platform available (set 'hibernate.transaction.jta.platform' to enable JTA platform integration)
2025-04-24T15:51:23.845+05:30  INFO 5717 --- [users] [    Test worker] j.LocalContainerEntityManagerFactoryBean : Initialized JPA EntityManagerFactory for persistence unit 'default'
2025-04-24T15:51:24.150+05:30  WARN 5717 --- [users] [    Test worker] JpaBaseConfiguration$JpaWebConfiguration : spring.jpa.open-in-view is enabled by default. Therefore, database queries may be performed during view rendering. Explicitly configure spring.jpa.open-in-view to disable this warning
2025-04-24T15:51:24.577+05:30  INFO 5717 --- [users] [    Test worker] c.m.service.users.UsersApplicationTests  : Started UsersApplicationTests in 3.911 seconds (process running for 10.324)
]]></system-out>
  <system-err><![CDATA[Mockito is currently self-attaching to enable the inline-mock-maker. This will no longer work in future releases of the JDK. Please add Mockito as an agent to your build what is described in Mockito's documentation: https://javadoc.io/doc/org.mockito/mockito-core/latest/org/mockito/Mockito.html#0.3
WARNING: A Java agent has been loaded dynamically (/Users/nidhijoshi/.gradle/caches/modules-2/files-2.1/net.bytebuddy/byte-buddy-agent/1.15.11/a38b16385e867f59a641330f0362ebe742788ed8/byte-buddy-agent-1.15.11.jar)
WARNING: If a serviceability tool is in use, please run with -XX:+EnableDynamicAgentLoading to hide this warning
WARNING: If a serviceability tool is not in use, please run with -Djdk.instrument.traceUsage for more information
WARNING: Dynamic loading of agents will be disallowed by default in a future release
]]></system-err>
</testsuite>
